<?xml version="1.0" encoding="UTF-8"?>
<!-- Generated by org.testng.reporters.JUnitXMLReporter -->
<testsuite hostname="LAPTOP-I3ABMITL" name="Test Cases" tests="12" failures="0" timestamp="28 Apr 2021 12:53:20 GMT" time="0.036" errors="0">
  <testcase name="highSchool" time="0.009" classname="testNG.DependencyManagment"/>
  <testcase name="higherSecondary" time="0.0" classname="testNG.DependencyManagment"/>
  <testcase name="engineering" time="0.0" classname="testNG.DependencyManagment"/>
  <testcase name="startTheCar" time="0.0" classname="testNG.SampleTestCase"/>
  <testcase name="putFirstGear" time="0.0" classname="testNG.SampleTestCase"/>
  <testcase name="putSecondGear" time="0.001" classname="testNG.SampleTestCase"/>
  <testcase name="putThirdGear" time="0.0" classname="testNG.SampleTestCase"/>
  <testcase name="turnTheMusicOn" time="0.0" classname="testNG.SampleTestCase"/>
  <testcase name="startTheCar" time="0.0" classname="testNG.SampleTestCase2"/>
  <testcase name="putFirstGear" time="0.001" classname="testNG.SampleTestCase2"/>
  <testcase name="putSecondGear" time="0.001" classname="testNG.SampleTestCase2"/>
  <testcase name="putThirdGear" time="0.0" classname="testNG.SampleTestCase2"/>
</testsuite> <!-- Test Cases -->
