<?xml version="1.0" encoding="UTF-8"?>
<!-- Generated by org.testng.reporters.JUnitXMLReporter -->
<testsuite hostname="LAPTOP-I3ABMITL" name="Pending Leave Request Test Case" tests="1" failures="1" timestamp="29 Apr 2021 11:31:12 GMT" time="4.611" errors="0">
  <testcase name="verifyPendingLeaveRequests" time="4.608" classname="testCases.TestPendingLeaveRequest">
    <failure type="java.lang.AssertionError" message="expected [No Records are Available] but found [01. Manali Kulkarni 2021-04-20]">
      <![CDATA[java.lang.AssertionError: expected [No Records are Available] but found [01. Manali Kulkarni 2021-04-20]
	at testCases.TestPendingLeaveRequest.verifyPendingLeaveRequests(TestPendingLeaveRequest.java:49)
... Removed 30 stack frames]]>
    </failure>
  </testcase> <!-- verifyPendingLeaveRequests -->
</testsuite> <!-- Pending Leave Request Test Case -->
